<?xml version="1.0" encoding="UTF-8"?>
<testsuite xmlns:xsi="http://www.w3.org/2001/XMLSchema-instance" xsi:noNamespaceSchemaLocation="https://maven.apache.org/surefire/maven-surefire-plugin/xsd/surefire-test-report-3.0.xsd" version="3.0" name="TestSuite" time="4.51" tests="10" errors="0" skipped="7" failures="3">
  <properties>
[...]
</properties>
  <testcase name="initialize" classname="Academy.NavigateBar" time="2.628">
    <failure type="java.lang.NullPointerException"><![CDATA[java.lang.NullPointerException
	at Academy.NavigateBar.initialize(NavigateBar.java:24)
]]></failure>
    <system-out><![CDATA[null
null
null
]]></system-out>
  </testcase>
  <testcase name="basePageNavigation" classname="Academy.NavigateBar" time="0">
    <skipped/>
  </testcase>
  <testcase name="turndown" classname="Academy.NavigateBar" time="0">
    <skipped/>
  </testcase>
  <testcase name="initialize" classname="Academy.validateTitle" time="2.632">
    <failure type="java.lang.NullPointerException"><![CDATA[java.lang.NullPointerException
	at Academy.validateTitle.initialize(validateTitle.java:24)
]]></failure>
  </testcase>
  <testcase name="basePageNavigation" classname="Academy.validateTitle" time="0">
    <skipped/>
  </testcase>
  <testcase name="turndown" classname="Academy.validateTitle" time="0">
    <skipped/>
  </testcase>
  <testcase name="initialize" classname="Academy.HomePage" time="2.633">
    <failure type="java.lang.NullPointerException"><![CDATA[java.lang.NullPointerException
	at Academy.HomePage.initialize(HomePage.java:24)
]]></failure>
  </testcase>
  <testcase name="basePageNavigation[nonrestricteduserabc@qw.com, password, Restricted User](1)" classname="Academy.HomePage" time="0">
    <skipped/>
  </testcase>
  <testcase name="basePageNavigation[restricteduserabc@qw.com, password, Non Restricted User](2)" classname="Academy.HomePage" time="0">
    <skipped/>
  </testcase>
  <testcase name="turndown" classname="Academy.HomePage" time="0">
    <skipped/>
  </testcase>
</testsuite>