<?xml version="1.0" encoding="UTF-8"?>
<!-- Generated by org.testng.reporters.JUnitXMLReporter -->
<testsuite ignored="3" hostname="Nistha-PC" failures="0" tests="5" name="Car Loan" time="0.13" errors="0" timestamp="2021-03-22T08:27:20 PDT">
  <testcase classname="Test.day3" name="WebloginCarLoan" time="0.009"/>
  <testcase classname="Test.day3" name="multipleCase" time="0.003"/>
  <testcase classname="Test.day3" name="multipleCase" time="0.004"/>
  <testcase classname="Test.day3" name="multipleCase" time="0.008"/>
  <testcase classname="Test.day3" name="APICarLoan" time="0.003"/>
  <testcase classname="Test.day3" name="MobilesignoutCarLoan" time="0.0">
    <ignored/>
  </testcase> <!-- MobilesignoutCarLoan -->
  <testcase classname="Test.day3" name="MobileLoginCarLoan" time="0.0">
    <ignored/>
  </testcase> <!-- MobileLoginCarLoan -->
  <testcase classname="Test.day3" name="MobilesigninCarLoan" time="0.0">
    <ignored/>
  </testcase> <!-- MobilesigninCarLoan -->
</testsuite> <!-- Car Loan -->
