<?xml version="1.0" encoding="UTF-8"?>
<!-- Generated by org.testng.reporters.JUnitXMLReporter -->
<testsuite ignored="2" hostname="Nistha-PC" failures="0" tests="3" name="Personal Loan" time="0.115" errors="0" timestamp="2021-03-22T08:27:20 PDT">
  <testcase classname="Test.Begin" name="Demo" time="0.016"/>
  <testcase classname="Test.day2" name="loan" time="0.003"/>
  <testcase classname="Test.day2" name="personalhomeloan" time="0.007"/>
  <testcase classname="Test.Begin" name="failTest" time="0.0">
    <ignored/>
  </testcase> <!-- failTest -->
  <testcase classname="Test.Begin" name="SecondTest" time="0.0">
    <ignored/>
  </testcase> <!-- SecondTest -->
</testsuite> <!-- Personal Loan -->
