<?xml version="1.0" encoding="UTF-8"?>
<!-- Generated by org.testng.reporters.JUnitXMLReporter -->
<testsuite ignored="11" hostname="Nistha-PC" failures="0" tests="3" name="Regression" time="0.103" errors="0" timestamp="2021-03-22T07:49:49 PDT">
  <testcase classname="Test.day2" name="loan" time="0.019"/>
  <testcase classname="Test.day3" name="MobileLoginCarLoan" time="0.003"/>
  <testcase classname="Test.day4" name="WebloginHomeLoan" time="0.003"/>
  <testcase classname="Test.day4" name="LoginAPIHomeLoan" time="0.0">
    <ignored/>
  </testcase> <!-- LoginAPIHomeLoan -->
  <testcase classname="Test.day3" name="multipleCase" time="0.0">
    <ignored/>
  </testcase> <!-- multipleCase -->
  <testcase classname="Test.day4" name="MobileLoginHomeLoan" time="0.0">
    <ignored/>
  </testcase> <!-- MobileLoginHomeLoan -->
  <testcase classname="Test.day3" name="MobilesignoutCarLoan" time="0.0">
    <ignored/>
  </testcase> <!-- MobilesignoutCarLoan -->
  <testcase classname="Test.Begin" name="failTest" time="0.0">
    <ignored/>
  </testcase> <!-- failTest -->
  <testcase classname="Test.day3" name="MobilesigninCarLoan" time="0.0">
    <ignored/>
  </testcase> <!-- MobilesigninCarLoan -->
  <testcase classname="Test.Begin" name="SecondTest" time="0.0">
    <ignored/>
  </testcase> <!-- SecondTest -->
  <testcase classname="Test.day3" name="WebloginCarLoan" time="0.0">
    <ignored/>
  </testcase> <!-- WebloginCarLoan -->
  <testcase classname="Test.day3" name="APICarLoan" time="0.0">
    <ignored/>
  </testcase> <!-- APICarLoan -->
  <testcase classname="Test.Begin" name="Demo" time="0.0">
    <ignored/>
  </testcase> <!-- Demo -->
  <testcase classname="Test.day2" name="personalhomeloan" time="0.0">
    <ignored/>
  </testcase> <!-- personalhomeloan -->
</testsuite> <!-- Regression -->
