<?xml version="1.0" encoding="UTF-8"?>
<testng-results ignored="0" total="6" passed="6" failed="0" skipped="0">
  <reporter-output>
  </reporter-output>
  <suite started-at="2021-03-25T08:32:01 PDT" name="Suite" finished-at="2021-03-25T08:32:01 PDT" duration-ms="104">
    <groups>
    </groups>
    <test started-at="2021-03-25T08:32:01 PDT" name="Test" finished-at="2021-03-25T08:32:01 PDT" duration-ms="104">
      <class name="qaclickacademy.Mavenjavanew.SeleniumTest">
        <test-method signature="BrowserAutomation()[pri:0, instance:qaclickacademy.Mavenjavanew.SeleniumTest@1a4013]" started-at="2021-03-25T08:32:01 PDT" name="BrowserAutomation" finished-at="2021-03-25T08:32:01 PDT" duration-ms="3" status="PASS">
          <reporter-output>
          </reporter-output>
        </test-method> <!-- BrowserAutomation -->
        <test-method signature="elementsui()[pri:0, instance:qaclickacademy.Mavenjavanew.SeleniumTest@1a4013]" started-at="2021-03-25T08:32:01 PDT" name="elementsui" finished-at="2021-03-25T08:32:01 PDT" duration-ms="4" status="PASS">
          <reporter-output>
          </reporter-output>
        </test-method> <!-- elementsui -->
      </class> <!-- qaclickacademy.Mavenjavanew.SeleniumTest -->
      <class name="qaclickacademy.Mavenjavanew.AppiumTest">
        <test-method signature="Androidapp()[pri:0, instance:qaclickacademy.Mavenjavanew.AppiumTest@1cbb87f3]" started-at="2021-03-25T08:32:01 PDT" name="Androidapp" finished-at="2021-03-25T08:32:01 PDT" duration-ms="15" status="PASS">
          <reporter-output>
          </reporter-output>
        </test-method> <!-- Androidapp -->
        <test-method signature="IOSApp()[pri:0, instance:qaclickacademy.Mavenjavanew.AppiumTest@1cbb87f3]" started-at="2021-03-25T08:32:01 PDT" name="IOSApp" finished-at="2021-03-25T08:32:01 PDT" duration-ms="2" status="PASS">
          <reporter-output>
          </reporter-output>
        </test-method> <!-- IOSApp -->
      </class> <!-- qaclickacademy.Mavenjavanew.AppiumTest -->
      <class name="qaclickacademy.Mavenjavanew.RESTAPITest">
        <test-method signature="deleteTwitter()[pri:0, instance:qaclickacademy.Mavenjavanew.RESTAPITest@1b6e1eff]" started-at="2021-03-25T08:32:01 PDT" name="deleteTwitter" finished-at="2021-03-25T08:32:01 PDT" duration-ms="2" status="PASS">
          <reporter-output>
          </reporter-output>
        </test-method> <!-- deleteTwitter -->
        <test-method signature="postJira()[pri:0, instance:qaclickacademy.Mavenjavanew.RESTAPITest@1b6e1eff]" started-at="2021-03-25T08:32:01 PDT" name="postJira" finished-at="2021-03-25T08:32:01 PDT" duration-ms="1" status="PASS">
          <reporter-output>
          </reporter-output>
        </test-method> <!-- postJira -->
      </class> <!-- qaclickacademy.Mavenjavanew.RESTAPITest -->
    </test> <!-- Test -->
  </suite> <!-- Suite -->
</testng-results>
