<?xml version="1.0" encoding="UTF-8"?>
<!-- Generated by org.testng.reporters.JUnitXMLReporter -->
<testsuite ignored="0" hostname="Nistha-PC" failures="0" tests="6" name="Command line test" time="0.144" errors="0" timestamp="2021-03-26T07:33:35 PDT">
  <testcase classname="qaclickacademy.Mavenjavanew.AppiumTest" name="Androidapp" time="0.015"/>
  <testcase classname="qaclickacademy.Mavenjavanew.AppiumTest" name="IOSApp" time="0.001"/>
  <testcase classname="qaclickacademy.Mavenjavanew.RESTAPITest" name="deleteTwitter" time="0.001"/>
  <testcase classname="qaclickacademy.Mavenjavanew.RESTAPITest" name="postJira" time="0.0"/>
  <testcase classname="qaclickacademy.Mavenjavanew.SeleniumTest" name="BrowserAutomation" time="0.0"/>
  <testcase classname="qaclickacademy.Mavenjavanew.SeleniumTest" name="elementsui" time="0.0"/>
</testsuite> <!-- Command line test -->
