<?xml version="1.0" encoding="UTF-8"?>
<testng-results ignored="0" total="1" passed="1" failed="0" skipped="0">
  <reporter-output>
  </reporter-output>
  <suite started-at="2021-04-07T03:43:51 PDT" name="Default suite" finished-at="2021-04-07T03:44:11 PDT" duration-ms="19539">
    <groups>
    </groups>
    <test started-at="2021-04-07T03:43:51 PDT" name="Default test" finished-at="2021-04-07T03:44:11 PDT" duration-ms="19539">
      <class name="rahulshettyacademy.ExtentReports.ExtentReportDemo">
        <test-method is-config="true" signature="config()[pri:0, instance:rahulshettyacademy.ExtentReports.ExtentReportDemo@36b4fe2a]" started-at="2021-04-07T03:43:51 PDT" name="config" finished-at="2021-04-07T03:43:52 PDT" duration-ms="540" status="PASS">
          <reporter-output>
          </reporter-output>
        </test-method> <!-- config -->
        <test-method signature="initialDemo()[pri:0, instance:rahulshettyacademy.ExtentReports.ExtentReportDemo@36b4fe2a]" started-at="2021-04-07T03:43:52 PDT" name="initialDemo" finished-at="2021-04-07T03:44:11 PDT" duration-ms="18942" status="PASS">
          <reporter-output>
          </reporter-output>
        </test-method> <!-- initialDemo -->
      </class> <!-- rahulshettyacademy.ExtentReports.ExtentReportDemo -->
    </test> <!-- Default test -->
  </suite> <!-- Default suite -->
</testng-results>
