<?xml version="1.0" encoding="UTF-8"?>
<testng-results ignored="0" total="2" passed="2" failed="0" skipped="0">
  <reporter-output>
  </reporter-output>
  <suite started-at="2021-05-31T07:13:27 PDT" name="Default suite" finished-at="2021-05-31T07:13:45 PDT" duration-ms="17733">
    <groups>
    </groups>
    <test started-at="2021-05-31T07:13:27 PDT" name="Default test" finished-at="2021-05-31T07:13:45 PDT" duration-ms="17733">
      <class name="Academy.HomePage">
        <test-method is-config="true" signature="initialize()[pri:0, instance:Academy.HomePage@4097cac]" started-at="2021-05-31T07:13:27 PDT" name="initialize" finished-at="2021-05-31T07:13:31 PDT" duration-ms="4067" status="PASS">
          <reporter-output>
          </reporter-output>
        </test-method> <!-- initialize -->
        <test-method signature="basePageNavigation(java.lang.String,java.lang.String,java.lang.String)[pri:0, instance:Academy.HomePage@4097cac]" started-at="2021-05-31T07:13:31 PDT" name="basePageNavigation" data-provider="getData" finished-at="2021-05-31T07:13:40 PDT" duration-ms="8898" status="PASS">
          <params>
            <param index="0">
              <value>
                <![CDATA[nonristrected@qw.com]]>
              </value>
            </param>
            <param index="1">
              <value>
                <![CDATA[nistha@123]]>
              </value>
            </param>
            <param index="2">
              <value>
                <![CDATA[Restricted User]]>
              </value>
            </param>
          </params>
          <reporter-output>
          </reporter-output>
        </test-method> <!-- basePageNavigation -->
        <test-method signature="basePageNavigation(java.lang.String,java.lang.String,java.lang.String)[pri:0, instance:Academy.HomePage@4097cac]" started-at="2021-05-31T07:13:40 PDT" name="basePageNavigation" data-provider="getData" finished-at="2021-05-31T07:13:45 PDT" duration-ms="4491" status="PASS">
          <params>
            <param index="0">
              <value>
                <![CDATA[restricteduserabc@qw.com]]>
              </value>
            </param>
            <param index="1">
              <value>
                <![CDATA[password]]>
              </value>
            </param>
            <param index="2">
              <value>
                <![CDATA[Non Restricted User]]>
              </value>
            </param>
          </params>
          <reporter-output>
          </reporter-output>
        </test-method> <!-- basePageNavigation -->
        <test-method is-config="true" signature="turndown()[pri:0, instance:Academy.HomePage@4097cac]" started-at="2021-05-31T07:13:45 PDT" name="turndown" finished-at="2021-05-31T07:13:45 PDT" duration-ms="169" status="PASS">
          <reporter-output>
          </reporter-output>
        </test-method> <!-- turndown -->
      </class> <!-- Academy.HomePage -->
    </test> <!-- Default test -->
  </suite> <!-- Default suite -->
</testng-results>
