<?xml version="1.0" encoding="UTF-8"?>
<!-- Generated by org.testng.reporters.JUnitXMLReporter -->
<testsuite ignored="0" hostname="Nistha-PC" failures="0" tests="4" name="Test" time="64.27" errors="0" timestamp="2021-05-04T10:27:31 PDT">
  <testcase classname="Academy.HomePage" name="basePageNavigation" time="19.182"/>
  <testcase classname="Academy.HomePage" name="basePageNavigation" time="10.2"/>
  <testcase classname="Academy.NavigateBar" name="basePageNavigation" time="0.12"/>
  <testcase classname="Academy.validateTitle" name="basePageNavigation" time="0.062"/>
</testsuite> <!-- Test -->
