<?xml version="1.0" encoding="UTF-8"?>
<!-- Generated by org.testng.reporters.JUnitXMLReporter -->
<testsuite ignored="0" hostname="Nistha-PC" failures="0" tests="1" name="Validating Title Page" time="0.152" errors="0" timestamp="2021-05-31T05:34:15 PDT">
  <testcase classname="Academy.validateTitle" name="@BeforeTest initialize" time="0.02">
    <failure type="java.lang.NullPointerException">
      <![CDATA[java.lang.NullPointerException
at resources.base.initiateDriver(base.java:36)
at Academy.validateTitle.initialize(validateTitle.java:24)
at java.base/java.util.concurrent.FutureTask.run(FutureTask.java:264)
at java.base/java.util.concurrent.ThreadPoolExecutor.runWorker(ThreadPoolExecutor.java:1128)
at java.base/java.util.concurrent.ThreadPoolExecutor$Worker.run(ThreadPoolExecutor.java:628)
at java.base/java.lang.Thread.run(Thread.java:834)
... Removed 15 stack frames]]>
    </failure>
  </testcase> <!-- @BeforeTest initialize -->
  <testcase classname="Academy.validateTitle" name="@AfterTest turndown" time="-1.622464455646E9">
    <skipped/>
  </testcase> <!-- @AfterTest turndown -->
  <testcase classname="Academy.validateTitle" name="basePageNavigation" time="0.0">
    <skipped/>
  </testcase> <!-- basePageNavigation -->
</testsuite> <!-- Validating Title Page -->
